<?xml version="1.0" encoding="UTF-8"?>
<testng-results skipped="0" failed="0" ignored="0" total="1" passed="1">
  <reporter-output>
  </reporter-output>
  <suite name="Default suite" duration-ms="63" started-at="2017-03-11T05:18:56Z" finished-at="2017-03-11T05:18:56Z">
    <groups>
    </groups>
    <test name="Default test" duration-ms="63" started-at="2017-03-11T05:18:56Z" finished-at="2017-03-11T05:18:56Z">
      <class name="Testing.TrueFalseTest">
        <test-method status="PASS" signature="AddQuestion(boolean, java.lang.String, java.lang.String)[pri:0, instance:Testing.TrueFalseTest@3c09711b]" name="AddQuestion" duration-ms="31" started-at="2017-03-10T21:18:56Z" data-provider="test1" finished-at="2017-03-10T21:18:56Z">
          <params>
            <param index="0">
              <value>
                <![CDATA[true]]>
              </value>
            </param>
            <param index="1">
              <value>
                <![CDATA[test]]>
              </value>
            </param>
            <param index="2">
              <value>
                <![CDATA[5+2]]>
              </value>
            </param>
          </params>
          <reporter-output>
          </reporter-output>
        </test-method> <!-- AddQuestion -->
      </class> <!-- Testing.TrueFalseTest -->
    </test> <!-- Default test -->
  </suite> <!-- Default suite -->
</testng-results>
